This file contains any messages produced by compilers while
running configure, to aid debugging if configure makes a mistake.

It was created by gdtcl configure 0.0, which was
generated by GNU Autoconf 2.53.  Invocation command line was

  $ ./configure --with-tcl=/usr/local/lib/tcl8.4 --with-tclinclude=/usr/local/include/tcl8.4

## --------- ##
## Platform. ##
## --------- ##

hostname = one.dev.sc.com
uname -m = i386
uname -r = 5.3-STABLE
uname -s = FreeBSD
uname -v = FreeBSD 5.3-STABLE #0: Fri May  6 01:02:01 CDT 2005     root@mojo.hou.corp.sc.com:/usr/src/sys/i386/compile/MOJO 

/usr/bin/uname -p = i386
/bin/uname -X     = unknown

/bin/arch              = unknown
/usr/bin/arch -k       = unknown
/usr/convex/getsysinfo = unknown
hostinfo               = unknown
/bin/machine           = unknown
/usr/bin/oslevel       = unknown
/bin/universe          = unknown

PATH: /usr/pptcl/bin
PATH: /sbin
PATH: /usr/sbin
PATH: /usr/local/sbin
PATH: /bin
PATH: /usr/bin
PATH: /home/karl/bin
PATH: /usr/local/bin
PATH: /usr/X11R6/bin
PATH: /usr/postgresql-6.3.2/bin
PATH: .


## ----------- ##
## Core tests. ##
## ----------- ##

configure:1220: checking for correct TEA configuration
configure:1239: result: ok (TEA 3.1)
configure:1365: checking for Tcl configuration
configure:1437: result: found /usr/local/lib/tcl8.4/tclConfig.sh
configure:1443: checking for existence of /usr/local/lib/tcl8.4/tclConfig.sh
configure:1447: result: loading
configure:1520: --prefix defaulting to TCL_PREFIX /usr/local
configure:1532: --exec-prefix defaulting to TCL_EXEC_PREFIX /usr/local
configure:1606: checking for gcc
configure:1622: found /usr/bin/gcc
configure:1632: result: gcc
configure:1876: checking for C compiler version
configure:1879: gcc --version </dev/null >&5
gcc (GCC) 3.4.2 [FreeBSD] 20040728
Copyright (C) 2004 Free Software Foundation, Inc.
This is free software; see the source for copying conditions.  There is NO
warranty; not even for MERCHANTABILITY or FITNESS FOR A PARTICULAR PURPOSE.

configure:1882: $? = 0
configure:1884: gcc -v </dev/null >&5
Using built-in specs.
Configured with: FreeBSD/i386 system compiler
Thread model: posix
gcc version 3.4.2 [FreeBSD] 20040728
configure:1887: $? = 0
configure:1889: gcc -V </dev/null >&5
gcc: `-V' option must have argument
configure:1892: $? = 1
configure:1918: checking for C compiler default output
configure:1921: gcc    conftest.c  >&5
configure:1924: $? = 0
configure:1957: result: a.out
configure:1962: checking whether the C compiler works
configure:1968: ./a.out
configure:1971: $? = 0
configure:1986: result: yes
configure:1993: checking whether we are cross compiling
configure:1995: result: no
configure:1998: checking for suffix of executables
configure:2000: gcc -o conftest    conftest.c  >&5
configure:2003: $? = 0
configure:2025: result: 
configure:2031: checking for suffix of object files
configure:2055: gcc -c   conftest.c >&5
configure:2058: $? = 0
configure:2077: result: o
configure:2081: checking whether we are using the GNU C compiler
configure:2108: gcc -c   conftest.c >&5
configure:2111: $? = 0
configure:2114: test -s conftest.o
configure:2117: $? = 0
configure:2129: result: yes
configure:2135: checking whether gcc accepts -g
configure:2159: gcc -c -g  conftest.c >&5
configure:2162: $? = 0
configure:2165: test -s conftest.o
configure:2168: $? = 0
configure:2178: result: yes
configure:2205: gcc -c   conftest.c >&5
conftest.c:2: error: syntax error before "me"
configure:2208: $? = 1
configure: failed program was:
#ifndef __cplusplus
  choke me
#endif
configure:2323: checking how to run the C preprocessor
configure:2349: gcc -E  conftest.c
configure:2355: $? = 0
configure:2382: gcc -E  conftest.c
configure:2378:28: ac_nonexistent.h: No such file or directory
configure:2388: $? = 1
configure: failed program was:
#line 2377 "configure"
#include "confdefs.h"
#include <ac_nonexistent.h>
configure:2425: result: gcc -E
configure:2440: gcc -E  conftest.c
configure:2446: $? = 0
configure:2473: gcc -E  conftest.c
configure:2469:28: ac_nonexistent.h: No such file or directory
configure:2479: $? = 1
configure: failed program was:
#line 2468 "configure"
#include "confdefs.h"
#include <ac_nonexistent.h>
configure:2531: checking for a BSD-compatible install
configure:2585: result: /usr/bin/install -c
configure:2601: checking whether make sets ${MAKE}
configure:2621: result: yes
configure:2676: checking for ranlib
configure:2692: found /usr/bin/ranlib
configure:2703: result: ranlib
configure:2725: checking for ANSI C header files
configure:2739: gcc -E  conftest.c
configure:2745: $? = 0
configure:2830: gcc -o conftest    conftest.c  >&5
configure:2833: $? = 0
configure:2835: ./conftest
configure:2838: $? = 0
configure:2852: result: yes
configure:2876: checking for sys/types.h
configure:2889: gcc -c   conftest.c >&5
configure:2892: $? = 0
configure:2895: test -s conftest.o
configure:2898: $? = 0
configure:2908: result: yes
configure:2876: checking for sys/stat.h
configure:2889: gcc -c   conftest.c >&5
configure:2892: $? = 0
configure:2895: test -s conftest.o
configure:2898: $? = 0
configure:2908: result: yes
configure:2876: checking for stdlib.h
configure:2889: gcc -c   conftest.c >&5
configure:2892: $? = 0
configure:2895: test -s conftest.o
configure:2898: $? = 0
configure:2908: result: yes
configure:2876: checking for string.h
configure:2889: gcc -c   conftest.c >&5
configure:2892: $? = 0
configure:2895: test -s conftest.o
configure:2898: $? = 0
configure:2908: result: yes
configure:2876: checking for memory.h
configure:2889: gcc -c   conftest.c >&5
configure:2892: $? = 0
configure:2895: test -s conftest.o
configure:2898: $? = 0
configure:2908: result: yes
configure:2876: checking for strings.h
configure:2889: gcc -c   conftest.c >&5
configure:2892: $? = 0
configure:2895: test -s conftest.o
configure:2898: $? = 0
configure:2908: result: yes
configure:2876: checking for inttypes.h
configure:2889: gcc -c   conftest.c >&5
configure:2892: $? = 0
configure:2895: test -s conftest.o
configure:2898: $? = 0
configure:2908: result: yes
configure:2876: checking for stdint.h
configure:2889: gcc -c   conftest.c >&5
configure:2892: $? = 0
configure:2895: test -s conftest.o
configure:2898: $? = 0
configure:2908: result: yes
configure:2876: checking for unistd.h
configure:2889: gcc -c   conftest.c >&5
configure:2892: $? = 0
configure:2895: test -s conftest.o
configure:2898: $? = 0
configure:2908: result: yes
configure:2930: checking if the compiler understands -pipe
configure:2953: gcc -pipe -c   conftest.c >&5
configure:2956: $? = 0
configure:2959: test -s conftest.o
configure:2962: $? = 0
configure:2964: result: yes
configure:2980: checking whether byte ordering is bigendian
configure:3010: gcc -pipe -c   conftest.c >&5
configure:3013: $? = 0
configure:3016: test -s conftest.o
configure:3019: $? = 0
configure:3046: gcc -pipe -c   conftest.c >&5
configure: In function `main':
configure:3036: error: syntax error before "big"
configure:3049: $? = 1
configure: failed program was:
#line 3022 "configure"
#include "confdefs.h"
#include <sys/types.h>
#include <sys/param.h>

#ifdef F77_DUMMY_MAIN
#  ifdef __cplusplus
     extern "C"
#  endif
   int F77_DUMMY_MAIN() { return 1; }
#endif
int
main ()
{
#if BYTE_ORDER != BIG_ENDIAN
 not big endian
#endif

  ;
  return 0;
}
configure:3163: result: no
configure:3191: checking for sin
configure:3234: gcc -pipe -o conftest    conftest.c  >&5
configure:3206: warning: conflicting types for built-in function 'sin'
/var/tmp//ccsKVBSi.o(.text+0x22): In function `main':
: undefined reference to `sin'
configure:3237: $? = 1
configure: failed program was:
#line 3196 "configure"
#include "confdefs.h"
/* System header to define __stub macros and hopefully few prototypes,
    which can conflict with char sin (); below.  */
#include <assert.h>
/* Override any gcc2 internal prototype to avoid an error.  */
#ifdef __cplusplus
extern "C"
#endif
/* We use char because int might match the return type of a gcc2
   builtin and then its argument prototype would still apply.  */
char sin ();
char (*f) ();

#ifdef F77_DUMMY_MAIN
#  ifdef __cplusplus
     extern "C"
#  endif
   int F77_DUMMY_MAIN() { return 1; }
#endif
int
main ()
{
/* The GNU C library defines this for functions which it implements
    to always fail with ENOSYS.  Some functions are actually named
    something starting with __ and the normal name is an alias.  */
#if defined (__stub_sin) || defined (__stub___sin)
choke me
#else
f = sin;
#endif

  ;
  return 0;
}
configure:3253: result: no
configure:3261: checking for main in -lieee
configure:3288: gcc -pipe -o conftest    conftest.c -lieee   >&5
/usr/bin/ld: cannot find -lieee
configure:3291: $? = 1
configure: failed program was:
#line 3268 "configure"
#include "confdefs.h"


#ifdef F77_DUMMY_MAIN
#  ifdef __cplusplus
     extern "C"
#  endif
   int F77_DUMMY_MAIN() { return 1; }
#endif
int
main ()
{
main ();
  ;
  return 0;
}
configure:3308: result: no
configure:3320: checking for main in -linet
configure:3347: gcc -pipe -o conftest    conftest.c -linet   >&5
/usr/bin/ld: cannot find -linet
configure:3350: $? = 1
configure: failed program was:
#line 3327 "configure"
#include "confdefs.h"


#ifdef F77_DUMMY_MAIN
#  ifdef __cplusplus
     extern "C"
#  endif
   int F77_DUMMY_MAIN() { return 1; }
#endif
int
main ()
{
main ();
  ;
  return 0;
}
configure:3367: result: no
configure:3383: checking net/errno.h usability
configure:3392: gcc -pipe -c   conftest.c >&5
configure:3420:23: net/errno.h: No such file or directory
configure:3395: $? = 1
configure: failed program was:
#line 3385 "configure"
#include "confdefs.h"
#include <stdio.h>
#if HAVE_SYS_TYPES_H
# include <sys/types.h>
#endif
#if HAVE_SYS_STAT_H
# include <sys/stat.h>
#endif
#if STDC_HEADERS
# include <stdlib.h>
# include <stddef.h>
#else
# if HAVE_STDLIB_H
#  include <stdlib.h>
# endif
#endif
#if HAVE_STRING_H
# if !STDC_HEADERS && HAVE_MEMORY_H
#  include <memory.h>
# endif
# include <string.h>
#endif
#if HAVE_STRINGS_H
# include <strings.h>
#endif
#if HAVE_INTTYPES_H
# include <inttypes.h>
#else
# if HAVE_STDINT_H
#  include <stdint.h>
# endif
#endif
#if HAVE_UNISTD_H
# include <unistd.h>
#endif
#include <net/errno.h>
configure:3410: result: no
configure:3414: checking net/errno.h presence
configure:3421: gcc -E  conftest.c
configure:3417:23: net/errno.h: No such file or directory
configure:3427: $? = 1
configure: failed program was:
#line 3416 "configure"
#include "confdefs.h"
#include <net/errno.h>
configure:3445: result: no
configure:3463: checking for net/errno.h
configure:3470: result: no
configure:3502: checking for connect
configure:3545: gcc -pipe -o conftest    conftest.c  >&5
configure:3548: $? = 0
configure:3551: test -s conftest
configure:3554: $? = 0
configure:3564: result: yes
configure:3778: checking for gethostbyname
configure:3821: gcc -pipe -o conftest    conftest.c  >&5
configure:3824: $? = 0
configure:3827: test -s conftest
configure:3830: $? = 0
configure:3840: result: yes
configure:3915: checking dirent.h
configure:3955: gcc -pipe -o conftest    conftest.c  >&5
configure:3958: $? = 0
configure:3961: test -s conftest
configure:3964: $? = 0
configure:3981: result: yes
configure:3993: checking errno.h usability
configure:4002: gcc -pipe -c   conftest.c >&5
configure:4005: $? = 0
configure:4008: test -s conftest.o
configure:4011: $? = 0
configure:4020: result: yes
configure:4024: checking errno.h presence
configure:4031: gcc -E  conftest.c
configure:4037: $? = 0
configure:4055: result: yes
configure:4073: checking for errno.h
configure:4080: result: yes
configure:4104: checking float.h usability
configure:4113: gcc -pipe -c   conftest.c >&5
configure:4116: $? = 0
configure:4119: test -s conftest.o
configure:4122: $? = 0
configure:4131: result: yes
configure:4135: checking float.h presence
configure:4142: gcc -E  conftest.c
configure:4148: $? = 0
configure:4166: result: yes
configure:4184: checking for float.h
configure:4191: result: yes
configure:4215: checking values.h usability
configure:4224: gcc -pipe -c   conftest.c >&5
In file included from configure:4252:
/usr/include/values.h:2:2: warning: #warning "this file includes <values.h> which is obsoleted, use <limits.h> or <float.h> instead"
configure:4227: $? = 0
configure:4230: test -s conftest.o
configure:4233: $? = 0
configure:4242: result: yes
configure:4246: checking values.h presence
configure:4253: gcc -E  conftest.c
In file included from configure:4249:
/usr/include/values.h:2:2: warning: #warning "this file includes <values.h> which is obsoleted, use <limits.h> or <float.h> instead"
configure:4259: $? = 0
configure:4277: result: yes
configure:4295: checking for values.h
configure:4302: result: yes
configure:4326: checking limits.h usability
configure:4335: gcc -pipe -c   conftest.c >&5
configure:4338: $? = 0
configure:4341: test -s conftest.o
configure:4344: $? = 0
configure:4353: result: yes
configure:4357: checking limits.h presence
configure:4364: gcc -E  conftest.c
configure:4370: $? = 0
configure:4388: result: yes
configure:4406: checking for limits.h
configure:4413: result: yes
configure:4431: checking for stdlib.h
configure:4436: result: yes
configure:4587: checking for string.h
configure:4592: result: yes
configure:4743: checking sys/wait.h usability
configure:4752: gcc -pipe -c   conftest.c >&5
configure:4755: $? = 0
configure:4758: test -s conftest.o
configure:4761: $? = 0
configure:4770: result: yes
configure:4774: checking sys/wait.h presence
configure:4781: gcc -E  conftest.c
configure:4787: $? = 0
configure:4805: result: yes
configure:4823: checking for sys/wait.h
configure:4830: result: yes
configure:4854: checking dlfcn.h usability
configure:4863: gcc -pipe -c   conftest.c >&5
configure:4866: $? = 0
configure:4869: test -s conftest.o
configure:4872: $? = 0
configure:4881: result: yes
configure:4885: checking dlfcn.h presence
configure:4892: gcc -E  conftest.c
configure:4898: $? = 0
configure:4916: result: yes
configure:4934: checking for dlfcn.h
configure:4941: result: yes
configure:4971: checking sys/param.h usability
configure:4980: gcc -pipe -c   conftest.c >&5
configure:4983: $? = 0
configure:4986: test -s conftest.o
configure:4989: $? = 0
configure:4998: result: yes
configure:5002: checking sys/param.h presence
configure:5009: gcc -E  conftest.c
configure:5015: $? = 0
configure:5033: result: yes
configure:5051: checking for sys/param.h
configure:5058: result: yes
configure:5266: checking for Tcl public headers
configure:5321: result: /usr/local/include/tcl8.4
configure:5868: checking for building with threads
configure:5879: result: no (default)
configure:5915: checking how to build libraries
configure:5933: result: shared
configure:5959: checking if 64bit support is enabled
configure:5968: result: no
configure:5973: checking if 64bit Sparc VIS support is requested
configure:5982: result: no
configure:6010: checking system version (for dynamic loading)
configure:6033: result: FreeBSD-5.3-STABLE
configure:6041: checking for dlopen in -ldl
configure:6074: gcc -pipe -o conftest    conftest.c -ldl   >&5
/usr/bin/ld: cannot find -ldl
configure:6077: $? = 1
configure: failed program was:
#line 6048 "configure"
#include "confdefs.h"

/* Override any gcc2 internal prototype to avoid an error.  */
#ifdef __cplusplus
extern "C"
#endif
/* We use char because int might match the return type of a gcc2
   builtin and then its argument prototype would still apply.  */
char dlopen ();
#ifdef F77_DUMMY_MAIN
#  ifdef __cplusplus
     extern "C"
#  endif
   int F77_DUMMY_MAIN() { return 1; }
#endif
int
main ()
{
dlopen ();
  ;
  return 0;
}
configure:6094: result: no
configure:6127: checking for ar
configure:6143: found /usr/bin/ar
configure:6153: result: ar
configure:7938: checking for required early compiler flags
configure:7964: gcc -pipe -c   conftest.c >&5
configure:7967: $? = 0
configure:7970: test -s conftest.o
configure:7973: $? = 0
configure:8052: gcc -pipe -c   conftest.c >&5
configure: In function `main':
configure:8044: error: storage size of 'buf' isn't known
configure:8055: $? = 1
configure: failed program was:
#line 8033 "configure"
#include "confdefs.h"
#include <sys/stat.h>
#ifdef F77_DUMMY_MAIN
#  ifdef __cplusplus
     extern "C"
#  endif
   int F77_DUMMY_MAIN() { return 1; }
#endif
int
main ()
{
struct stat64 buf; int i = stat64("/", &buf);
  ;
  return 0;
}
configure:8087: gcc -pipe -c   conftest.c >&5
configure: In function `main':
configure:8079: error: storage size of 'buf' isn't known
configure:8090: $? = 1
configure: failed program was:
#line 8067 "configure"
#include "confdefs.h"
#define _LARGEFILE64_SOURCE 1
#include <sys/stat.h>
#ifdef F77_DUMMY_MAIN
#  ifdef __cplusplus
     extern "C"
#  endif
   int F77_DUMMY_MAIN() { return 1; }
#endif
int
main ()
{
struct stat64 buf; int i = stat64("/", &buf);
  ;
  return 0;
}
configure:8118: result: none
configure:8126: checking for 64-bit integer type
configure:8153: gcc -pipe -c   conftest.c >&5
configure: In function `main':
configure:8145: error: syntax error before "value"
configure:8156: $? = 1
configure: failed program was:
#line 8134 "configure"
#include "confdefs.h"

#ifdef F77_DUMMY_MAIN
#  ifdef __cplusplus
     extern "C"
#  endif
   int F77_DUMMY_MAIN() { return 1; }
#endif
int
main ()
{
__int64 value = (__int64) 0;
  ;
  return 0;
}
configure:8195: gcc -pipe -c   conftest.c >&5
configure:8198: $? = 0
configure:8201: test -s conftest.o
configure:8204: $? = 0
configure:8231: result: long long
configure:8235: checking for struct dirent64
configure:8261: gcc -pipe -c   conftest.c >&5
configure: In function `main':
configure:8253: error: storage size of 'p' isn't known
configure:8264: $? = 1
configure: failed program was:
#line 8241 "configure"
#include "confdefs.h"
#include <sys/types.h>
#include <sys/dirent.h>
#ifdef F77_DUMMY_MAIN
#  ifdef __cplusplus
     extern "C"
#  endif
   int F77_DUMMY_MAIN() { return 1; }
#endif
int
main ()
{
struct dirent64 p;
  ;
  return 0;
}
configure:8287: result: no
configure:8290: checking for struct stat64
configure:8316: gcc -pipe -c   conftest.c >&5
configure: In function `main':
configure:8307: error: storage size of 'p' isn't known
configure:8319: $? = 1
configure: failed program was:
#line 8296 "configure"
#include "confdefs.h"
#include <sys/stat.h>
#ifdef F77_DUMMY_MAIN
#  ifdef __cplusplus
     extern "C"
#  endif
   int F77_DUMMY_MAIN() { return 1; }
#endif
int
main ()
{
struct stat64 p;

  ;
  return 0;
}
configure:8342: result: no
configure:8345: checking for off64_t
configure:8371: gcc -pipe -c   conftest.c >&5
configure: In function `main':
configure:8362: error: syntax error before "offset"
configure:8374: $? = 1
configure: failed program was:
#line 8351 "configure"
#include "confdefs.h"
#include <sys/types.h>
#ifdef F77_DUMMY_MAIN
#  ifdef __cplusplus
     extern "C"
#  endif
   int F77_DUMMY_MAIN() { return 1; }
#endif
int
main ()
{
off64_t offset;

  ;
  return 0;
}
configure:8397: result: no
configure:8416: checking for build with symbols
configure:8430: result: no
configure:8565: checking for tclsh
configure:8596: result: /usr/local/bin/tclsh8.4
configure:8725: creating ./config.status

## ---------------------- ##
## Running config.status. ##
## ---------------------- ##

This file was extended by gdtcl config.status 0.0, which was
generated by GNU Autoconf 2.53.  Invocation command line was

  CONFIG_FILES    = 
  CONFIG_HEADERS  = 
  CONFIG_LINKS    = 
  CONFIG_COMMANDS = 
  $ ./config.status 

on one.dev.sc.com

config.status:619: creating Makefile

## ---------------- ##
## Cache variables. ##
## ---------------- ##

ac_cv_c_bigendian=no
ac_cv_c_compiler_gnu=yes
ac_cv_c_tclconfig=/usr/local/lib/tcl8.4
ac_cv_c_tclh=/usr/local/include/tcl8.4
ac_cv_env_CC_set=
ac_cv_env_CC_value=
ac_cv_env_CFLAGS_set=
ac_cv_env_CFLAGS_value=
ac_cv_env_CPPFLAGS_set=
ac_cv_env_CPPFLAGS_value=
ac_cv_env_CPP_set=
ac_cv_env_CPP_value=
ac_cv_env_LDFLAGS_set=
ac_cv_env_LDFLAGS_value=
ac_cv_env_build_alias_set=
ac_cv_env_build_alias_value=
ac_cv_env_host_alias_set=
ac_cv_env_host_alias_value=
ac_cv_env_target_alias_set=
ac_cv_env_target_alias_value=
ac_cv_exeext=
ac_cv_func_connect=yes
ac_cv_func_gethostbyname=yes
ac_cv_func_sin=no
ac_cv_header_dlfcn_h=yes
ac_cv_header_errno_h=yes
ac_cv_header_float_h=yes
ac_cv_header_inttypes_h=yes
ac_cv_header_limits_h=yes
ac_cv_header_memory_h=yes
ac_cv_header_net_errno_h=no
ac_cv_header_stdc=yes
ac_cv_header_stdint_h=yes
ac_cv_header_stdlib_h=yes
ac_cv_header_string_h=yes
ac_cv_header_strings_h=yes
ac_cv_header_sys_param_h=yes
ac_cv_header_sys_stat_h=yes
ac_cv_header_sys_types_h=yes
ac_cv_header_sys_wait_h=yes
ac_cv_header_unistd_h=yes
ac_cv_header_values_h=yes
ac_cv_lib_dl_dlopen=no
ac_cv_lib_ieee_main=no
ac_cv_lib_inet_main=no
ac_cv_objext=o
ac_cv_path_install='/usr/bin/install -c'
ac_cv_path_tclsh=/usr/local/bin/tclsh8.4
ac_cv_prog_AR=ar
ac_cv_prog_CPP='gcc -E'
ac_cv_prog_ac_ct_CC=gcc
ac_cv_prog_ac_ct_RANLIB=ranlib
ac_cv_prog_cc_g=yes
ac_cv_prog_make_make_set=yes
tcl_cv_flag__isoc99_source=no
tcl_cv_flag__largefile64_source=no
tcl_cv_struct_dirent64=no
tcl_cv_struct_stat64=no
tcl_cv_type_64bit='long long'
tcl_cv_type_off64_t=no

## ----------- ##
## confdefs.h. ##
## ----------- ##

#define PACKAGE_NAME "gdtcl"
#define PACKAGE_TARNAME "gdtcl"
#define PACKAGE_VERSION "0.0"
#define PACKAGE_STRING "gdtcl 0.0"
#define PACKAGE_BUGREPORT ""
#define STDC_HEADERS 1
#define HAVE_SYS_TYPES_H 1
#define HAVE_SYS_STAT_H 1
#define HAVE_STDLIB_H 1
#define HAVE_STRING_H 1
#define HAVE_MEMORY_H 1
#define HAVE_STRINGS_H 1
#define HAVE_INTTYPES_H 1
#define HAVE_STDINT_H 1
#define HAVE_UNISTD_H 1
#define HAVE_LIMITS_H 1
#define HAVE_SYS_PARAM_H 1
#define TCL_WIDE_INT_TYPE long long
#define USE_TCL_STUBS 1

configure: exit 0
